20-Nov-2018 12:28:14.412 INFO [main] org.apache.catalina.core.AprLifecycleListener.init The APR based Apache Tomcat Native library which allows optimal performance in production environments was not found on the java.library.path: /Users/alex/Library/Java/Extensions:/Library/Java/Extensions:/Network/Library/Java/Extensions:/System/Library/Java/Extensions:/usr/lib/java:.
20-Nov-2018 12:28:14.840 INFO [main] org.apache.coyote.AbstractProtocol.init Initializing ProtocolHandler ["http-nio-8080"]
20-Nov-2018 12:28:14.901 INFO [main] org.apache.tomcat.util.net.NioSelectorPool.getSharedSelector Using a shared selector for servlet write/read
20-Nov-2018 12:28:14.911 INFO [main] org.apache.coyote.AbstractProtocol.init Initializing ProtocolHandler ["ajp-nio-8009"]
20-Nov-2018 12:28:14.914 INFO [main] org.apache.tomcat.util.net.NioSelectorPool.getSharedSelector Using a shared selector for servlet write/read
20-Nov-2018 12:28:14.914 INFO [main] org.apache.catalina.startup.Catalina.load Initialization processed in 1040 ms
20-Nov-2018 12:28:14.971 INFO [main] org.apache.catalina.core.StandardService.startInternal Démarrage du service Catalina
20-Nov-2018 12:28:14.972 INFO [main] org.apache.catalina.core.StandardEngine.startInternal Starting Servlet Engine: Apache Tomcat/8.0.12
20-Nov-2018 12:28:14.984 INFO [localhost-startStop-1] org.apache.catalina.startup.HostConfig.deployDirectory Déploiement du répertoire /Users/alex/Documents/Cours/2ème année/ProjetPWeb/Movie_Remainde/tomcat8/webapps/tp4 de l'application web
20-Nov-2018 12:28:15.844 INFO [localhost-startStop-1] org.apache.jasper.servlet.TldScanner.scanJars At least one JAR was scanned for TLDs yet contained no TLDs. Enable debug logging for this logger for a complete list of JARs that were scanned but no TLDs were found in them. Skipping unneeded JARs during scanning can improve startup time and JSP compilation time.
20-Nov-2018 12:28:15.918 INFO [localhost-startStop-1] org.apache.catalina.startup.HostConfig.deployDirectory Deployment of web application directory /Users/alex/Documents/Cours/2ème année/ProjetPWeb/Movie_Remainde/tomcat8/webapps/tp4 has finished in 930 ms
20-Nov-2018 12:28:15.918 INFO [localhost-startStop-1] org.apache.catalina.startup.HostConfig.deployDirectory Déploiement du répertoire /Users/alex/Documents/Cours/2ème année/ProjetPWeb/Movie_Remainde/tomcat8/webapps/vide de l'application web
20-Nov-2018 12:28:16.177 INFO [localhost-startStop-1] org.apache.jasper.servlet.TldScanner.scanJars At least one JAR was scanned for TLDs yet contained no TLDs. Enable debug logging for this logger for a complete list of JARs that were scanned but no TLDs were found in them. Skipping unneeded JARs during scanning can improve startup time and JSP compilation time.
20-Nov-2018 12:28:16.181 INFO [localhost-startStop-1] org.apache.catalina.startup.HostConfig.deployDirectory Deployment of web application directory /Users/alex/Documents/Cours/2ème année/ProjetPWeb/Movie_Remainde/tomcat8/webapps/vide has finished in 263 ms
20-Nov-2018 12:28:16.182 INFO [localhost-startStop-1] org.apache.catalina.startup.HostConfig.deployDirectory Déploiement du répertoire /Users/alex/Documents/Cours/2ème année/ProjetPWeb/Movie_Remainde/tomcat8/webapps/manager de l'application web
20-Nov-2018 12:28:16.393 INFO [localhost-startStop-1] org.apache.jasper.servlet.TldScanner.scanJars At least one JAR was scanned for TLDs yet contained no TLDs. Enable debug logging for this logger for a complete list of JARs that were scanned but no TLDs were found in them. Skipping unneeded JARs during scanning can improve startup time and JSP compilation time.
20-Nov-2018 12:28:16.404 INFO [localhost-startStop-1] org.apache.catalina.startup.HostConfig.deployDirectory Deployment of web application directory /Users/alex/Documents/Cours/2ème année/ProjetPWeb/Movie_Remainde/tomcat8/webapps/manager has finished in 222 ms
20-Nov-2018 12:28:16.404 INFO [localhost-startStop-1] org.apache.catalina.startup.HostConfig.deployDirectory Déploiement du répertoire /Users/alex/Documents/Cours/2ème année/ProjetPWeb/Movie_Remainde/tomcat8/webapps/ROOT de l'application web
20-Nov-2018 12:28:16.593 INFO [localhost-startStop-1] org.apache.jasper.servlet.TldScanner.scanJars At least one JAR was scanned for TLDs yet contained no TLDs. Enable debug logging for this logger for a complete list of JARs that were scanned but no TLDs were found in them. Skipping unneeded JARs during scanning can improve startup time and JSP compilation time.
20-Nov-2018 12:28:16.596 INFO [localhost-startStop-1] org.apache.catalina.startup.HostConfig.deployDirectory Deployment of web application directory /Users/alex/Documents/Cours/2ème année/ProjetPWeb/Movie_Remainde/tomcat8/webapps/ROOT has finished in 191 ms
20-Nov-2018 12:28:16.596 INFO [localhost-startStop-1] org.apache.catalina.startup.HostConfig.deployDirectory Déploiement du répertoire /Users/alex/Documents/Cours/2ème année/ProjetPWeb/Movie_Remainde/tomcat8/webapps/host-manager de l'application web
20-Nov-2018 12:28:16.803 INFO [localhost-startStop-1] org.apache.jasper.servlet.TldScanner.scanJars At least one JAR was scanned for TLDs yet contained no TLDs. Enable debug logging for this logger for a complete list of JARs that were scanned but no TLDs were found in them. Skipping unneeded JARs during scanning can improve startup time and JSP compilation time.
20-Nov-2018 12:28:16.806 INFO [localhost-startStop-1] org.apache.catalina.startup.HostConfig.deployDirectory Deployment of web application directory /Users/alex/Documents/Cours/2ème année/ProjetPWeb/Movie_Remainde/tomcat8/webapps/host-manager has finished in 209 ms
20-Nov-2018 12:28:16.810 INFO [main] org.apache.coyote.AbstractProtocol.start Starting ProtocolHandler ["http-nio-8080"]
20-Nov-2018 12:28:16.819 INFO [main] org.apache.coyote.AbstractProtocol.start Starting ProtocolHandler ["ajp-nio-8009"]
20-Nov-2018 12:28:16.820 INFO [main] org.apache.catalina.startup.Catalina.start Server startup in 1906 ms
20-Nov-2018 12:29:36.897 INFO [ContainerBackgroundProcessor[StandardEngine[Catalina]]] org.apache.catalina.core.StandardContext.reload Le rechargement du contexte [/vide] a démarré
20-Nov-2018 12:29:37.091 INFO [ContainerBackgroundProcessor[StandardEngine[Catalina]]] org.apache.jasper.servlet.TldScanner.scanJars At least one JAR was scanned for TLDs yet contained no TLDs. Enable debug logging for this logger for a complete list of JARs that were scanned but no TLDs were found in them. Skipping unneeded JARs during scanning can improve startup time and JSP compilation time.
20-Nov-2018 12:29:37.093 INFO [ContainerBackgroundProcessor[StandardEngine[Catalina]]] org.apache.catalina.core.StandardContext.reload Le rechargement de ce contexte est terminé
20-Nov-2018 12:29:45.613 INFO [main] org.apache.catalina.core.StandardServer.await A valid shutdown command was received via the shutdown port. Stopping the Server instance.
20-Nov-2018 12:29:45.613 INFO [main] org.apache.coyote.AbstractProtocol.pause Pausing ProtocolHandler ["http-nio-8080"]
20-Nov-2018 12:29:45.670 INFO [main] org.apache.coyote.AbstractProtocol.pause Pausing ProtocolHandler ["ajp-nio-8009"]
20-Nov-2018 12:29:45.724 INFO [main] org.apache.catalina.core.StandardService.stopInternal Arrêt du service Catalina
20-Nov-2018 12:29:45.752 INFO [main] org.apache.coyote.AbstractProtocol.stop Stopping ProtocolHandler ["http-nio-8080"]
20-Nov-2018 12:29:45.757 INFO [main] org.apache.coyote.AbstractProtocol.stop Stopping ProtocolHandler ["ajp-nio-8009"]
20-Nov-2018 12:29:45.757 INFO [main] org.apache.coyote.AbstractProtocol.destroy Destroying ProtocolHandler ["http-nio-8080"]
20-Nov-2018 12:29:45.758 INFO [main] org.apache.coyote.AbstractProtocol.destroy Destroying ProtocolHandler ["ajp-nio-8009"]
20-Nov-2018 12:29:47.401 INFO [main] org.apache.catalina.core.AprLifecycleListener.init The APR based Apache Tomcat Native library which allows optimal performance in production environments was not found on the java.library.path: /Users/alex/Library/Java/Extensions:/Library/Java/Extensions:/Network/Library/Java/Extensions:/System/Library/Java/Extensions:/usr/lib/java:.
20-Nov-2018 12:29:47.650 INFO [main] org.apache.coyote.AbstractProtocol.init Initializing ProtocolHandler ["http-nio-8080"]
20-Nov-2018 12:29:47.682 INFO [main] org.apache.tomcat.util.net.NioSelectorPool.getSharedSelector Using a shared selector for servlet write/read
20-Nov-2018 12:29:47.688 INFO [main] org.apache.coyote.AbstractProtocol.init Initializing ProtocolHandler ["ajp-nio-8009"]
20-Nov-2018 12:29:47.690 INFO [main] org.apache.tomcat.util.net.NioSelectorPool.getSharedSelector Using a shared selector for servlet write/read
20-Nov-2018 12:29:47.691 INFO [main] org.apache.catalina.startup.Catalina.load Initialization processed in 645 ms
20-Nov-2018 12:29:47.719 INFO [main] org.apache.catalina.core.StandardService.startInternal Démarrage du service Catalina
20-Nov-2018 12:29:47.719 INFO [main] org.apache.catalina.core.StandardEngine.startInternal Starting Servlet Engine: Apache Tomcat/8.0.12
20-Nov-2018 12:29:47.727 INFO [localhost-startStop-1] org.apache.catalina.startup.HostConfig.deployDirectory Déploiement du répertoire /Users/alex/Documents/Cours/2ème année/ProjetPWeb/Movie_Remainde/tomcat8/webapps/tp4 de l'application web
20-Nov-2018 12:29:48.435 INFO [localhost-startStop-1] org.apache.jasper.servlet.TldScanner.scanJars At least one JAR was scanned for TLDs yet contained no TLDs. Enable debug logging for this logger for a complete list of JARs that were scanned but no TLDs were found in them. Skipping unneeded JARs during scanning can improve startup time and JSP compilation time.
20-Nov-2018 12:29:48.490 INFO [localhost-startStop-1] org.apache.catalina.startup.HostConfig.deployDirectory Deployment of web application directory /Users/alex/Documents/Cours/2ème année/ProjetPWeb/Movie_Remainde/tomcat8/webapps/tp4 has finished in 761 ms
20-Nov-2018 12:29:48.490 INFO [localhost-startStop-1] org.apache.catalina.startup.HostConfig.deployDirectory Déploiement du répertoire /Users/alex/Documents/Cours/2ème année/ProjetPWeb/Movie_Remainde/tomcat8/webapps/vide de l'application web
20-Nov-2018 12:29:48.813 INFO [localhost-startStop-1] org.apache.jasper.servlet.TldScanner.scanJars At least one JAR was scanned for TLDs yet contained no TLDs. Enable debug logging for this logger for a complete list of JARs that were scanned but no TLDs were found in them. Skipping unneeded JARs during scanning can improve startup time and JSP compilation time.
20-Nov-2018 12:29:48.817 INFO [localhost-startStop-1] org.apache.catalina.startup.HostConfig.deployDirectory Deployment of web application directory /Users/alex/Documents/Cours/2ème année/ProjetPWeb/Movie_Remainde/tomcat8/webapps/vide has finished in 327 ms
20-Nov-2018 12:29:48.827 INFO [localhost-startStop-1] org.apache.catalina.startup.HostConfig.deployDirectory Déploiement du répertoire /Users/alex/Documents/Cours/2ème année/ProjetPWeb/Movie_Remainde/tomcat8/webapps/manager de l'application web
20-Nov-2018 12:29:49.148 INFO [localhost-startStop-1] org.apache.jasper.servlet.TldScanner.scanJars At least one JAR was scanned for TLDs yet contained no TLDs. Enable debug logging for this logger for a complete list of JARs that were scanned but no TLDs were found in them. Skipping unneeded JARs during scanning can improve startup time and JSP compilation time.
20-Nov-2018 12:29:49.158 INFO [localhost-startStop-1] org.apache.catalina.startup.HostConfig.deployDirectory Deployment of web application directory /Users/alex/Documents/Cours/2ème année/ProjetPWeb/Movie_Remainde/tomcat8/webapps/manager has finished in 341 ms
20-Nov-2018 12:29:49.158 INFO [localhost-startStop-1] org.apache.catalina.startup.HostConfig.deployDirectory Déploiement du répertoire /Users/alex/Documents/Cours/2ème année/ProjetPWeb/Movie_Remainde/tomcat8/webapps/ROOT de l'application web
20-Nov-2018 12:29:49.441 INFO [localhost-startStop-1] org.apache.jasper.servlet.TldScanner.scanJars At least one JAR was scanned for TLDs yet contained no TLDs. Enable debug logging for this logger for a complete list of JARs that were scanned but no TLDs were found in them. Skipping unneeded JARs during scanning can improve startup time and JSP compilation time.
20-Nov-2018 12:29:49.444 INFO [localhost-startStop-1] org.apache.catalina.startup.HostConfig.deployDirectory Deployment of web application directory /Users/alex/Documents/Cours/2ème année/ProjetPWeb/Movie_Remainde/tomcat8/webapps/ROOT has finished in 286 ms
20-Nov-2018 12:29:49.444 INFO [localhost-startStop-1] org.apache.catalina.startup.HostConfig.deployDirectory Déploiement du répertoire /Users/alex/Documents/Cours/2ème année/ProjetPWeb/Movie_Remainde/tomcat8/webapps/host-manager de l'application web
20-Nov-2018 12:29:49.647 INFO [localhost-startStop-1] org.apache.jasper.servlet.TldScanner.scanJars At least one JAR was scanned for TLDs yet contained no TLDs. Enable debug logging for this logger for a complete list of JARs that were scanned but no TLDs were found in them. Skipping unneeded JARs during scanning can improve startup time and JSP compilation time.
20-Nov-2018 12:29:49.648 INFO [localhost-startStop-1] org.apache.catalina.startup.HostConfig.deployDirectory Deployment of web application directory /Users/alex/Documents/Cours/2ème année/ProjetPWeb/Movie_Remainde/tomcat8/webapps/host-manager has finished in 204 ms
20-Nov-2018 12:29:49.651 INFO [main] org.apache.coyote.AbstractProtocol.start Starting ProtocolHandler ["http-nio-8080"]
20-Nov-2018 12:29:49.656 INFO [main] org.apache.coyote.AbstractProtocol.start Starting ProtocolHandler ["ajp-nio-8009"]
20-Nov-2018 12:29:49.656 INFO [main] org.apache.catalina.startup.Catalina.start Server startup in 1965 ms
