10-Nov-2018 13:15:04.082 INFO [main] org.apache.catalina.core.AprLifecycleListener.init The APR based Apache Tomcat Native library which allows optimal performance in production environments was not found on the java.library.path: /Users/alexandreblerreau/Library/Java/Extensions:/Library/Java/Extensions:/Network/Library/Java/Extensions:/System/Library/Java/Extensions:/usr/lib/java:.
10-Nov-2018 13:15:04.339 INFO [main] org.apache.coyote.AbstractProtocol.init Initializing ProtocolHandler ["http-nio-8080"]
10-Nov-2018 13:15:04.373 INFO [main] org.apache.tomcat.util.net.NioSelectorPool.getSharedSelector Using a shared selector for servlet write/read
10-Nov-2018 13:15:04.378 INFO [main] org.apache.coyote.AbstractProtocol.init Initializing ProtocolHandler ["ajp-nio-8009"]
10-Nov-2018 13:15:04.380 INFO [main] org.apache.tomcat.util.net.NioSelectorPool.getSharedSelector Using a shared selector for servlet write/read
10-Nov-2018 13:15:04.380 INFO [main] org.apache.catalina.startup.Catalina.load Initialization processed in 625 ms
10-Nov-2018 13:15:04.404 INFO [main] org.apache.catalina.core.StandardService.startInternal Démarrage du service Catalina
10-Nov-2018 13:15:04.404 INFO [main] org.apache.catalina.core.StandardEngine.startInternal Starting Servlet Engine: Apache Tomcat/8.0.12
10-Nov-2018 13:15:04.410 INFO [localhost-startStop-1] org.apache.catalina.startup.HostConfig.deployDirectory Déploiement du répertoire /Users/alexandreblerreau/Desktop/Cours/Programmation web/Movie_Remainde/tomcat8/webapps/tp4 de l'application web
10-Nov-2018 13:15:04.750 INFO [localhost-startStop-1] org.apache.jasper.servlet.TldScanner.scanJars At least one JAR was scanned for TLDs yet contained no TLDs. Enable debug logging for this logger for a complete list of JARs that were scanned but no TLDs were found in them. Skipping unneeded JARs during scanning can improve startup time and JSP compilation time.
10-Nov-2018 13:15:04.781 INFO [localhost-startStop-1] org.apache.catalina.startup.HostConfig.deployDirectory Deployment of web application directory /Users/alexandreblerreau/Desktop/Cours/Programmation web/Movie_Remainde/tomcat8/webapps/tp4 has finished in 367 ms
10-Nov-2018 13:15:04.781 INFO [localhost-startStop-1] org.apache.catalina.startup.HostConfig.deployDirectory Déploiement du répertoire /Users/alexandreblerreau/Desktop/Cours/Programmation web/Movie_Remainde/tomcat8/webapps/vide de l'application web
10-Nov-2018 13:15:04.892 INFO [localhost-startStop-1] org.apache.jasper.servlet.TldScanner.scanJars At least one JAR was scanned for TLDs yet contained no TLDs. Enable debug logging for this logger for a complete list of JARs that were scanned but no TLDs were found in them. Skipping unneeded JARs during scanning can improve startup time and JSP compilation time.
10-Nov-2018 13:15:04.893 INFO [localhost-startStop-1] org.apache.catalina.startup.HostConfig.deployDirectory Deployment of web application directory /Users/alexandreblerreau/Desktop/Cours/Programmation web/Movie_Remainde/tomcat8/webapps/vide has finished in 112 ms
10-Nov-2018 13:15:04.893 INFO [localhost-startStop-1] org.apache.catalina.startup.HostConfig.deployDirectory Déploiement du répertoire /Users/alexandreblerreau/Desktop/Cours/Programmation web/Movie_Remainde/tomcat8/webapps/manager de l'application web
10-Nov-2018 13:15:05.007 INFO [localhost-startStop-1] org.apache.jasper.servlet.TldScanner.scanJars At least one JAR was scanned for TLDs yet contained no TLDs. Enable debug logging for this logger for a complete list of JARs that were scanned but no TLDs were found in them. Skipping unneeded JARs during scanning can improve startup time and JSP compilation time.
10-Nov-2018 13:15:05.010 INFO [localhost-startStop-1] org.apache.catalina.startup.HostConfig.deployDirectory Deployment of web application directory /Users/alexandreblerreau/Desktop/Cours/Programmation web/Movie_Remainde/tomcat8/webapps/manager has finished in 117 ms
10-Nov-2018 13:15:05.011 INFO [localhost-startStop-1] org.apache.catalina.startup.HostConfig.deployDirectory Déploiement du répertoire /Users/alexandreblerreau/Desktop/Cours/Programmation web/Movie_Remainde/tomcat8/webapps/ROOT de l'application web
10-Nov-2018 13:15:05.114 INFO [localhost-startStop-1] org.apache.jasper.servlet.TldScanner.scanJars At least one JAR was scanned for TLDs yet contained no TLDs. Enable debug logging for this logger for a complete list of JARs that were scanned but no TLDs were found in them. Skipping unneeded JARs during scanning can improve startup time and JSP compilation time.
10-Nov-2018 13:15:05.116 INFO [localhost-startStop-1] org.apache.catalina.startup.HostConfig.deployDirectory Deployment of web application directory /Users/alexandreblerreau/Desktop/Cours/Programmation web/Movie_Remainde/tomcat8/webapps/ROOT has finished in 105 ms
10-Nov-2018 13:15:05.116 INFO [localhost-startStop-1] org.apache.catalina.startup.HostConfig.deployDirectory Déploiement du répertoire /Users/alexandreblerreau/Desktop/Cours/Programmation web/Movie_Remainde/tomcat8/webapps/host-manager de l'application web
10-Nov-2018 13:15:05.215 INFO [localhost-startStop-1] org.apache.jasper.servlet.TldScanner.scanJars At least one JAR was scanned for TLDs yet contained no TLDs. Enable debug logging for this logger for a complete list of JARs that were scanned but no TLDs were found in them. Skipping unneeded JARs during scanning can improve startup time and JSP compilation time.
10-Nov-2018 13:15:05.216 INFO [localhost-startStop-1] org.apache.catalina.startup.HostConfig.deployDirectory Deployment of web application directory /Users/alexandreblerreau/Desktop/Cours/Programmation web/Movie_Remainde/tomcat8/webapps/host-manager has finished in 100 ms
10-Nov-2018 13:15:05.218 INFO [main] org.apache.coyote.AbstractProtocol.start Starting ProtocolHandler ["http-nio-8080"]
10-Nov-2018 13:15:05.221 INFO [main] org.apache.coyote.AbstractProtocol.start Starting ProtocolHandler ["ajp-nio-8009"]
10-Nov-2018 13:15:05.222 INFO [main] org.apache.catalina.startup.Catalina.start Server startup in 841 ms
10-Nov-2018 13:16:33.917 INFO [main] org.apache.catalina.core.StandardServer.await A valid shutdown command was received via the shutdown port. Stopping the Server instance.
10-Nov-2018 13:16:33.918 INFO [main] org.apache.coyote.AbstractProtocol.pause Pausing ProtocolHandler ["http-nio-8080"]
10-Nov-2018 13:16:33.972 INFO [main] org.apache.coyote.AbstractProtocol.pause Pausing ProtocolHandler ["ajp-nio-8009"]
10-Nov-2018 13:16:34.024 INFO [main] org.apache.catalina.core.StandardService.stopInternal Arrêt du service Catalina
10-Nov-2018 13:16:34.053 INFO [main] org.apache.coyote.AbstractProtocol.stop Stopping ProtocolHandler ["http-nio-8080"]
10-Nov-2018 13:16:34.056 INFO [main] org.apache.coyote.AbstractProtocol.stop Stopping ProtocolHandler ["ajp-nio-8009"]
10-Nov-2018 13:16:34.057 INFO [main] org.apache.coyote.AbstractProtocol.destroy Destroying ProtocolHandler ["http-nio-8080"]
10-Nov-2018 13:16:34.057 INFO [main] org.apache.coyote.AbstractProtocol.destroy Destroying ProtocolHandler ["ajp-nio-8009"]
10-Nov-2018 13:16:37.483 INFO [main] org.apache.catalina.core.AprLifecycleListener.init The APR based Apache Tomcat Native library which allows optimal performance in production environments was not found on the java.library.path: /Users/alexandreblerreau/Library/Java/Extensions:/Library/Java/Extensions:/Network/Library/Java/Extensions:/System/Library/Java/Extensions:/usr/lib/java:.
10-Nov-2018 13:16:37.641 INFO [main] org.apache.coyote.AbstractProtocol.init Initializing ProtocolHandler ["http-nio-8080"]
10-Nov-2018 13:16:37.663 INFO [main] org.apache.tomcat.util.net.NioSelectorPool.getSharedSelector Using a shared selector for servlet write/read
10-Nov-2018 13:16:37.668 INFO [main] org.apache.coyote.AbstractProtocol.init Initializing ProtocolHandler ["ajp-nio-8009"]
10-Nov-2018 13:16:37.670 INFO [main] org.apache.tomcat.util.net.NioSelectorPool.getSharedSelector Using a shared selector for servlet write/read
10-Nov-2018 13:16:37.670 INFO [main] org.apache.catalina.startup.Catalina.load Initialization processed in 408 ms
10-Nov-2018 13:16:37.685 INFO [main] org.apache.catalina.core.StandardService.startInternal Démarrage du service Catalina
10-Nov-2018 13:16:37.685 INFO [main] org.apache.catalina.core.StandardEngine.startInternal Starting Servlet Engine: Apache Tomcat/8.0.12
10-Nov-2018 13:16:37.690 INFO [localhost-startStop-1] org.apache.catalina.startup.HostConfig.deployDirectory Déploiement du répertoire /Users/alexandreblerreau/Desktop/Cours/Programmation web/Movie_Remainde/tomcat8/webapps/tp4 de l'application web
10-Nov-2018 13:16:38.012 INFO [localhost-startStop-1] org.apache.jasper.servlet.TldScanner.scanJars At least one JAR was scanned for TLDs yet contained no TLDs. Enable debug logging for this logger for a complete list of JARs that were scanned but no TLDs were found in them. Skipping unneeded JARs during scanning can improve startup time and JSP compilation time.
10-Nov-2018 13:16:38.035 INFO [localhost-startStop-1] org.apache.catalina.startup.HostConfig.deployDirectory Deployment of web application directory /Users/alexandreblerreau/Desktop/Cours/Programmation web/Movie_Remainde/tomcat8/webapps/tp4 has finished in 344 ms
10-Nov-2018 13:16:38.036 INFO [localhost-startStop-1] org.apache.catalina.startup.HostConfig.deployDirectory Déploiement du répertoire /Users/alexandreblerreau/Desktop/Cours/Programmation web/Movie_Remainde/tomcat8/webapps/vide de l'application web
10-Nov-2018 13:16:38.154 INFO [localhost-startStop-1] org.apache.jasper.servlet.TldScanner.scanJars At least one JAR was scanned for TLDs yet contained no TLDs. Enable debug logging for this logger for a complete list of JARs that were scanned but no TLDs were found in them. Skipping unneeded JARs during scanning can improve startup time and JSP compilation time.
10-Nov-2018 13:16:38.156 INFO [localhost-startStop-1] org.apache.catalina.startup.HostConfig.deployDirectory Deployment of web application directory /Users/alexandreblerreau/Desktop/Cours/Programmation web/Movie_Remainde/tomcat8/webapps/vide has finished in 120 ms
10-Nov-2018 13:16:38.156 INFO [localhost-startStop-1] org.apache.catalina.startup.HostConfig.deployDirectory Déploiement du répertoire /Users/alexandreblerreau/Desktop/Cours/Programmation web/Movie_Remainde/tomcat8/webapps/manager de l'application web
10-Nov-2018 13:16:38.273 INFO [localhost-startStop-1] org.apache.jasper.servlet.TldScanner.scanJars At least one JAR was scanned for TLDs yet contained no TLDs. Enable debug logging for this logger for a complete list of JARs that were scanned but no TLDs were found in them. Skipping unneeded JARs during scanning can improve startup time and JSP compilation time.
10-Nov-2018 13:16:38.277 INFO [localhost-startStop-1] org.apache.catalina.startup.HostConfig.deployDirectory Deployment of web application directory /Users/alexandreblerreau/Desktop/Cours/Programmation web/Movie_Remainde/tomcat8/webapps/manager has finished in 121 ms
10-Nov-2018 13:16:38.278 INFO [localhost-startStop-1] org.apache.catalina.startup.HostConfig.deployDirectory Déploiement du répertoire /Users/alexandreblerreau/Desktop/Cours/Programmation web/Movie_Remainde/tomcat8/webapps/ROOT de l'application web
10-Nov-2018 13:16:38.387 INFO [localhost-startStop-1] org.apache.jasper.servlet.TldScanner.scanJars At least one JAR was scanned for TLDs yet contained no TLDs. Enable debug logging for this logger for a complete list of JARs that were scanned but no TLDs were found in them. Skipping unneeded JARs during scanning can improve startup time and JSP compilation time.
10-Nov-2018 13:16:38.388 INFO [localhost-startStop-1] org.apache.catalina.startup.HostConfig.deployDirectory Deployment of web application directory /Users/alexandreblerreau/Desktop/Cours/Programmation web/Movie_Remainde/tomcat8/webapps/ROOT has finished in 111 ms
10-Nov-2018 13:16:38.388 INFO [localhost-startStop-1] org.apache.catalina.startup.HostConfig.deployDirectory Déploiement du répertoire /Users/alexandreblerreau/Desktop/Cours/Programmation web/Movie_Remainde/tomcat8/webapps/host-manager de l'application web
10-Nov-2018 13:16:38.512 INFO [localhost-startStop-1] org.apache.jasper.servlet.TldScanner.scanJars At least one JAR was scanned for TLDs yet contained no TLDs. Enable debug logging for this logger for a complete list of JARs that were scanned but no TLDs were found in them. Skipping unneeded JARs during scanning can improve startup time and JSP compilation time.
10-Nov-2018 13:16:38.513 INFO [localhost-startStop-1] org.apache.catalina.startup.HostConfig.deployDirectory Deployment of web application directory /Users/alexandreblerreau/Desktop/Cours/Programmation web/Movie_Remainde/tomcat8/webapps/host-manager has finished in 125 ms
10-Nov-2018 13:16:38.515 INFO [main] org.apache.coyote.AbstractProtocol.start Starting ProtocolHandler ["http-nio-8080"]
10-Nov-2018 13:16:38.518 INFO [main] org.apache.coyote.AbstractProtocol.start Starting ProtocolHandler ["ajp-nio-8009"]
10-Nov-2018 13:16:38.519 INFO [main] org.apache.catalina.startup.Catalina.start Server startup in 848 ms
10-Nov-2018 13:17:18.534 INFO [ContainerBackgroundProcessor[StandardEngine[Catalina]]] org.apache.catalina.core.StandardContext.reload Le rechargement du contexte [/vide] a démarré
10-Nov-2018 13:17:18.691 INFO [ContainerBackgroundProcessor[StandardEngine[Catalina]]] org.apache.jasper.servlet.TldScanner.scanJars At least one JAR was scanned for TLDs yet contained no TLDs. Enable debug logging for this logger for a complete list of JARs that were scanned but no TLDs were found in them. Skipping unneeded JARs during scanning can improve startup time and JSP compilation time.
10-Nov-2018 13:17:18.692 INFO [ContainerBackgroundProcessor[StandardEngine[Catalina]]] org.apache.catalina.core.StandardContext.reload Le rechargement de ce contexte est terminé
10-Nov-2018 14:35:52.494 INFO [main] org.apache.catalina.core.StandardServer.await A valid shutdown command was received via the shutdown port. Stopping the Server instance.
10-Nov-2018 14:35:52.494 INFO [main] org.apache.coyote.AbstractProtocol.pause Pausing ProtocolHandler ["http-nio-8080"]
10-Nov-2018 14:35:52.549 INFO [main] org.apache.coyote.AbstractProtocol.pause Pausing ProtocolHandler ["ajp-nio-8009"]
10-Nov-2018 14:35:52.601 INFO [main] org.apache.catalina.core.StandardService.stopInternal Arrêt du service Catalina
10-Nov-2018 14:35:52.618 INFO [main] org.apache.coyote.AbstractProtocol.stop Stopping ProtocolHandler ["http-nio-8080"]
10-Nov-2018 14:35:52.622 INFO [main] org.apache.coyote.AbstractProtocol.stop Stopping ProtocolHandler ["ajp-nio-8009"]
10-Nov-2018 14:35:52.623 INFO [main] org.apache.coyote.AbstractProtocol.destroy Destroying ProtocolHandler ["http-nio-8080"]
10-Nov-2018 14:35:52.623 INFO [main] org.apache.coyote.AbstractProtocol.destroy Destroying ProtocolHandler ["ajp-nio-8009"]
10-Nov-2018 14:35:57.441 INFO [main] org.apache.catalina.core.AprLifecycleListener.init The APR based Apache Tomcat Native library which allows optimal performance in production environments was not found on the java.library.path: /Users/alexandreblerreau/Library/Java/Extensions:/Library/Java/Extensions:/Network/Library/Java/Extensions:/System/Library/Java/Extensions:/usr/lib/java:.
10-Nov-2018 14:35:57.590 INFO [main] org.apache.coyote.AbstractProtocol.init Initializing ProtocolHandler ["http-nio-8080"]
10-Nov-2018 14:35:57.613 INFO [main] org.apache.tomcat.util.net.NioSelectorPool.getSharedSelector Using a shared selector for servlet write/read
10-Nov-2018 14:35:57.617 INFO [main] org.apache.coyote.AbstractProtocol.init Initializing ProtocolHandler ["ajp-nio-8009"]
10-Nov-2018 14:35:57.619 INFO [main] org.apache.tomcat.util.net.NioSelectorPool.getSharedSelector Using a shared selector for servlet write/read
10-Nov-2018 14:35:57.619 INFO [main] org.apache.catalina.startup.Catalina.load Initialization processed in 397 ms
10-Nov-2018 14:35:57.634 INFO [main] org.apache.catalina.core.StandardService.startInternal Démarrage du service Catalina
10-Nov-2018 14:35:57.635 INFO [main] org.apache.catalina.core.StandardEngine.startInternal Starting Servlet Engine: Apache Tomcat/8.0.12
10-Nov-2018 14:35:57.640 INFO [localhost-startStop-1] org.apache.catalina.startup.HostConfig.deployDirectory Déploiement du répertoire /Users/alexandreblerreau/Desktop/Cours/Programmation web/Movie_Remainde/tomcat8/webapps/tp4 de l'application web
10-Nov-2018 14:35:57.963 INFO [localhost-startStop-1] org.apache.jasper.servlet.TldScanner.scanJars At least one JAR was scanned for TLDs yet contained no TLDs. Enable debug logging for this logger for a complete list of JARs that were scanned but no TLDs were found in them. Skipping unneeded JARs during scanning can improve startup time and JSP compilation time.
10-Nov-2018 14:35:57.988 INFO [localhost-startStop-1] org.apache.catalina.startup.HostConfig.deployDirectory Deployment of web application directory /Users/alexandreblerreau/Desktop/Cours/Programmation web/Movie_Remainde/tomcat8/webapps/tp4 has finished in 347 ms
10-Nov-2018 14:35:57.989 INFO [localhost-startStop-1] org.apache.catalina.startup.HostConfig.deployDirectory Déploiement du répertoire /Users/alexandreblerreau/Desktop/Cours/Programmation web/Movie_Remainde/tomcat8/webapps/vide de l'application web
10-Nov-2018 14:35:58.112 INFO [localhost-startStop-1] org.apache.jasper.servlet.TldScanner.scanJars At least one JAR was scanned for TLDs yet contained no TLDs. Enable debug logging for this logger for a complete list of JARs that were scanned but no TLDs were found in them. Skipping unneeded JARs during scanning can improve startup time and JSP compilation time.
10-Nov-2018 14:35:58.115 INFO [localhost-startStop-1] org.apache.catalina.startup.HostConfig.deployDirectory Deployment of web application directory /Users/alexandreblerreau/Desktop/Cours/Programmation web/Movie_Remainde/tomcat8/webapps/vide has finished in 126 ms
10-Nov-2018 14:35:58.122 INFO [localhost-startStop-1] org.apache.catalina.startup.HostConfig.deployDirectory Déploiement du répertoire /Users/alexandreblerreau/Desktop/Cours/Programmation web/Movie_Remainde/tomcat8/webapps/manager de l'application web
10-Nov-2018 14:35:58.243 INFO [localhost-startStop-1] org.apache.jasper.servlet.TldScanner.scanJars At least one JAR was scanned for TLDs yet contained no TLDs. Enable debug logging for this logger for a complete list of JARs that were scanned but no TLDs were found in them. Skipping unneeded JARs during scanning can improve startup time and JSP compilation time.
10-Nov-2018 14:35:58.248 INFO [localhost-startStop-1] org.apache.catalina.startup.HostConfig.deployDirectory Deployment of web application directory /Users/alexandreblerreau/Desktop/Cours/Programmation web/Movie_Remainde/tomcat8/webapps/manager has finished in 133 ms
10-Nov-2018 14:35:58.249 INFO [localhost-startStop-1] org.apache.catalina.startup.HostConfig.deployDirectory Déploiement du répertoire /Users/alexandreblerreau/Desktop/Cours/Programmation web/Movie_Remainde/tomcat8/webapps/ROOT de l'application web
10-Nov-2018 14:35:58.362 INFO [localhost-startStop-1] org.apache.jasper.servlet.TldScanner.scanJars At least one JAR was scanned for TLDs yet contained no TLDs. Enable debug logging for this logger for a complete list of JARs that were scanned but no TLDs were found in them. Skipping unneeded JARs during scanning can improve startup time and JSP compilation time.
10-Nov-2018 14:35:58.363 INFO [localhost-startStop-1] org.apache.catalina.startup.HostConfig.deployDirectory Deployment of web application directory /Users/alexandreblerreau/Desktop/Cours/Programmation web/Movie_Remainde/tomcat8/webapps/ROOT has finished in 115 ms
10-Nov-2018 14:35:58.363 INFO [localhost-startStop-1] org.apache.catalina.startup.HostConfig.deployDirectory Déploiement du répertoire /Users/alexandreblerreau/Desktop/Cours/Programmation web/Movie_Remainde/tomcat8/webapps/host-manager de l'application web
10-Nov-2018 14:35:58.471 INFO [localhost-startStop-1] org.apache.jasper.servlet.TldScanner.scanJars At least one JAR was scanned for TLDs yet contained no TLDs. Enable debug logging for this logger for a complete list of JARs that were scanned but no TLDs were found in them. Skipping unneeded JARs during scanning can improve startup time and JSP compilation time.
10-Nov-2018 14:35:58.472 INFO [localhost-startStop-1] org.apache.catalina.startup.HostConfig.deployDirectory Deployment of web application directory /Users/alexandreblerreau/Desktop/Cours/Programmation web/Movie_Remainde/tomcat8/webapps/host-manager has finished in 109 ms
10-Nov-2018 14:35:58.474 INFO [main] org.apache.coyote.AbstractProtocol.start Starting ProtocolHandler ["http-nio-8080"]
10-Nov-2018 14:35:58.478 INFO [main] org.apache.coyote.AbstractProtocol.start Starting ProtocolHandler ["ajp-nio-8009"]
10-Nov-2018 14:35:58.478 INFO [main] org.apache.catalina.startup.Catalina.start Server startup in 858 ms
10-Nov-2018 14:36:48.502 INFO [ContainerBackgroundProcessor[StandardEngine[Catalina]]] org.apache.catalina.startup.HostConfig.reload Reloading context [/vide]
10-Nov-2018 14:36:48.503 INFO [ContainerBackgroundProcessor[StandardEngine[Catalina]]] org.apache.catalina.core.StandardContext.reload Le rechargement du contexte [/vide] a démarré
10-Nov-2018 14:36:48.620 INFO [ContainerBackgroundProcessor[StandardEngine[Catalina]]] org.apache.jasper.servlet.TldScanner.scanJars At least one JAR was scanned for TLDs yet contained no TLDs. Enable debug logging for this logger for a complete list of JARs that were scanned but no TLDs were found in them. Skipping unneeded JARs during scanning can improve startup time and JSP compilation time.
10-Nov-2018 14:36:48.621 INFO [ContainerBackgroundProcessor[StandardEngine[Catalina]]] org.apache.catalina.core.StandardContext.reload Le rechargement de ce contexte est terminé
10-Nov-2018 14:38:58.700 INFO [ContainerBackgroundProcessor[StandardEngine[Catalina]]] org.apache.catalina.core.StandardContext.reload Le rechargement du contexte [/vide] a démarré
10-Nov-2018 14:38:58.797 INFO [ContainerBackgroundProcessor[StandardEngine[Catalina]]] org.apache.jasper.servlet.TldScanner.scanJars At least one JAR was scanned for TLDs yet contained no TLDs. Enable debug logging for this logger for a complete list of JARs that were scanned but no TLDs were found in them. Skipping unneeded JARs during scanning can improve startup time and JSP compilation time.
10-Nov-2018 14:38:58.798 INFO [ContainerBackgroundProcessor[StandardEngine[Catalina]]] org.apache.catalina.core.StandardContext.reload Le rechargement de ce contexte est terminé
10-Nov-2018 14:39:10.481 INFO [main] org.apache.catalina.core.StandardServer.await A valid shutdown command was received via the shutdown port. Stopping the Server instance.
10-Nov-2018 14:39:10.482 INFO [main] org.apache.coyote.AbstractProtocol.pause Pausing ProtocolHandler ["http-nio-8080"]
10-Nov-2018 14:39:10.538 INFO [main] org.apache.coyote.AbstractProtocol.pause Pausing ProtocolHandler ["ajp-nio-8009"]
10-Nov-2018 14:39:10.590 INFO [main] org.apache.catalina.core.StandardService.stopInternal Arrêt du service Catalina
10-Nov-2018 14:39:10.610 INFO [main] org.apache.coyote.AbstractProtocol.stop Stopping ProtocolHandler ["http-nio-8080"]
10-Nov-2018 14:39:10.629 INFO [main] org.apache.coyote.AbstractProtocol.stop Stopping ProtocolHandler ["ajp-nio-8009"]
10-Nov-2018 14:39:10.629 INFO [main] org.apache.coyote.AbstractProtocol.destroy Destroying ProtocolHandler ["http-nio-8080"]
10-Nov-2018 14:39:10.630 INFO [main] org.apache.coyote.AbstractProtocol.destroy Destroying ProtocolHandler ["ajp-nio-8009"]
10-Nov-2018 14:39:16.230 INFO [main] org.apache.catalina.core.AprLifecycleListener.init The APR based Apache Tomcat Native library which allows optimal performance in production environments was not found on the java.library.path: /Users/alexandreblerreau/Library/Java/Extensions:/Library/Java/Extensions:/Network/Library/Java/Extensions:/System/Library/Java/Extensions:/usr/lib/java:.
10-Nov-2018 14:39:16.381 INFO [main] org.apache.coyote.AbstractProtocol.init Initializing ProtocolHandler ["http-nio-8080"]
10-Nov-2018 14:39:16.404 INFO [main] org.apache.tomcat.util.net.NioSelectorPool.getSharedSelector Using a shared selector for servlet write/read
10-Nov-2018 14:39:16.408 INFO [main] org.apache.coyote.AbstractProtocol.init Initializing ProtocolHandler ["ajp-nio-8009"]
10-Nov-2018 14:39:16.410 INFO [main] org.apache.tomcat.util.net.NioSelectorPool.getSharedSelector Using a shared selector for servlet write/read
10-Nov-2018 14:39:16.410 INFO [main] org.apache.catalina.startup.Catalina.load Initialization processed in 397 ms
10-Nov-2018 14:39:16.426 INFO [main] org.apache.catalina.core.StandardService.startInternal Démarrage du service Catalina
10-Nov-2018 14:39:16.426 INFO [main] org.apache.catalina.core.StandardEngine.startInternal Starting Servlet Engine: Apache Tomcat/8.0.12
10-Nov-2018 14:39:16.431 INFO [localhost-startStop-1] org.apache.catalina.startup.HostConfig.deployDirectory Déploiement du répertoire /Users/alexandreblerreau/Desktop/Cours/Programmation web/Movie_Remainde/tomcat8/webapps/tp4 de l'application web
10-Nov-2018 14:39:16.751 INFO [localhost-startStop-1] org.apache.jasper.servlet.TldScanner.scanJars At least one JAR was scanned for TLDs yet contained no TLDs. Enable debug logging for this logger for a complete list of JARs that were scanned but no TLDs were found in them. Skipping unneeded JARs during scanning can improve startup time and JSP compilation time.
10-Nov-2018 14:39:16.775 INFO [localhost-startStop-1] org.apache.catalina.startup.HostConfig.deployDirectory Deployment of web application directory /Users/alexandreblerreau/Desktop/Cours/Programmation web/Movie_Remainde/tomcat8/webapps/tp4 has finished in 343 ms
10-Nov-2018 14:39:16.775 INFO [localhost-startStop-1] org.apache.catalina.startup.HostConfig.deployDirectory Déploiement du répertoire /Users/alexandreblerreau/Desktop/Cours/Programmation web/Movie_Remainde/tomcat8/webapps/vide de l'application web
10-Nov-2018 14:39:16.903 INFO [localhost-startStop-1] org.apache.jasper.servlet.TldScanner.scanJars At least one JAR was scanned for TLDs yet contained no TLDs. Enable debug logging for this logger for a complete list of JARs that were scanned but no TLDs were found in them. Skipping unneeded JARs during scanning can improve startup time and JSP compilation time.
10-Nov-2018 14:39:16.905 INFO [localhost-startStop-1] org.apache.catalina.startup.HostConfig.deployDirectory Deployment of web application directory /Users/alexandreblerreau/Desktop/Cours/Programmation web/Movie_Remainde/tomcat8/webapps/vide has finished in 130 ms
10-Nov-2018 14:39:16.905 INFO [localhost-startStop-1] org.apache.catalina.startup.HostConfig.deployDirectory Déploiement du répertoire /Users/alexandreblerreau/Desktop/Cours/Programmation web/Movie_Remainde/tomcat8/webapps/manager de l'application web
10-Nov-2018 14:39:17.018 INFO [localhost-startStop-1] org.apache.jasper.servlet.TldScanner.scanJars At least one JAR was scanned for TLDs yet contained no TLDs. Enable debug logging for this logger for a complete list of JARs that were scanned but no TLDs were found in them. Skipping unneeded JARs during scanning can improve startup time and JSP compilation time.
10-Nov-2018 14:39:17.023 INFO [localhost-startStop-1] org.apache.catalina.startup.HostConfig.deployDirectory Deployment of web application directory /Users/alexandreblerreau/Desktop/Cours/Programmation web/Movie_Remainde/tomcat8/webapps/manager has finished in 117 ms
10-Nov-2018 14:39:17.023 INFO [localhost-startStop-1] org.apache.catalina.startup.HostConfig.deployDirectory Déploiement du répertoire /Users/alexandreblerreau/Desktop/Cours/Programmation web/Movie_Remainde/tomcat8/webapps/ROOT de l'application web
10-Nov-2018 14:39:17.133 INFO [localhost-startStop-1] org.apache.jasper.servlet.TldScanner.scanJars At least one JAR was scanned for TLDs yet contained no TLDs. Enable debug logging for this logger for a complete list of JARs that were scanned but no TLDs were found in them. Skipping unneeded JARs during scanning can improve startup time and JSP compilation time.
10-Nov-2018 14:39:17.134 INFO [localhost-startStop-1] org.apache.catalina.startup.HostConfig.deployDirectory Deployment of web application directory /Users/alexandreblerreau/Desktop/Cours/Programmation web/Movie_Remainde/tomcat8/webapps/ROOT has finished in 111 ms
10-Nov-2018 14:39:17.135 INFO [localhost-startStop-1] org.apache.catalina.startup.HostConfig.deployDirectory Déploiement du répertoire /Users/alexandreblerreau/Desktop/Cours/Programmation web/Movie_Remainde/tomcat8/webapps/host-manager de l'application web
10-Nov-2018 14:39:17.238 INFO [localhost-startStop-1] org.apache.jasper.servlet.TldScanner.scanJars At least one JAR was scanned for TLDs yet contained no TLDs. Enable debug logging for this logger for a complete list of JARs that were scanned but no TLDs were found in them. Skipping unneeded JARs during scanning can improve startup time and JSP compilation time.
10-Nov-2018 14:39:17.240 INFO [localhost-startStop-1] org.apache.catalina.startup.HostConfig.deployDirectory Deployment of web application directory /Users/alexandreblerreau/Desktop/Cours/Programmation web/Movie_Remainde/tomcat8/webapps/host-manager has finished in 105 ms
10-Nov-2018 14:39:17.242 INFO [main] org.apache.coyote.AbstractProtocol.start Starting ProtocolHandler ["http-nio-8080"]
10-Nov-2018 14:39:17.245 INFO [main] org.apache.coyote.AbstractProtocol.start Starting ProtocolHandler ["ajp-nio-8009"]
10-Nov-2018 14:39:17.246 INFO [main] org.apache.catalina.startup.Catalina.start Server startup in 835 ms
10-Nov-2018 14:40:48.284 INFO [main] org.apache.catalina.core.StandardServer.await A valid shutdown command was received via the shutdown port. Stopping the Server instance.
10-Nov-2018 14:40:48.285 INFO [main] org.apache.coyote.AbstractProtocol.pause Pausing ProtocolHandler ["http-nio-8080"]
10-Nov-2018 14:40:48.344 INFO [main] org.apache.coyote.AbstractProtocol.pause Pausing ProtocolHandler ["ajp-nio-8009"]
10-Nov-2018 14:40:48.396 INFO [main] org.apache.catalina.core.StandardService.stopInternal Arrêt du service Catalina
10-Nov-2018 14:40:48.419 INFO [main] org.apache.coyote.AbstractProtocol.stop Stopping ProtocolHandler ["http-nio-8080"]
10-Nov-2018 14:40:48.421 INFO [main] org.apache.coyote.AbstractProtocol.stop Stopping ProtocolHandler ["ajp-nio-8009"]
10-Nov-2018 14:40:48.422 INFO [main] org.apache.coyote.AbstractProtocol.destroy Destroying ProtocolHandler ["http-nio-8080"]
10-Nov-2018 14:40:48.422 INFO [main] org.apache.coyote.AbstractProtocol.destroy Destroying ProtocolHandler ["ajp-nio-8009"]
10-Nov-2018 14:40:49.966 INFO [main] org.apache.catalina.core.AprLifecycleListener.init The APR based Apache Tomcat Native library which allows optimal performance in production environments was not found on the java.library.path: /Users/alexandreblerreau/Library/Java/Extensions:/Library/Java/Extensions:/Network/Library/Java/Extensions:/System/Library/Java/Extensions:/usr/lib/java:.
10-Nov-2018 14:40:50.120 INFO [main] org.apache.coyote.AbstractProtocol.init Initializing ProtocolHandler ["http-nio-8080"]
10-Nov-2018 14:40:50.143 INFO [main] org.apache.tomcat.util.net.NioSelectorPool.getSharedSelector Using a shared selector for servlet write/read
10-Nov-2018 14:40:50.147 INFO [main] org.apache.coyote.AbstractProtocol.init Initializing ProtocolHandler ["ajp-nio-8009"]
10-Nov-2018 14:40:50.149 INFO [main] org.apache.tomcat.util.net.NioSelectorPool.getSharedSelector Using a shared selector for servlet write/read
10-Nov-2018 14:40:50.149 INFO [main] org.apache.catalina.startup.Catalina.load Initialization processed in 400 ms
10-Nov-2018 14:40:50.164 INFO [main] org.apache.catalina.core.StandardService.startInternal Démarrage du service Catalina
10-Nov-2018 14:40:50.165 INFO [main] org.apache.catalina.core.StandardEngine.startInternal Starting Servlet Engine: Apache Tomcat/8.0.12
10-Nov-2018 14:40:50.170 INFO [localhost-startStop-1] org.apache.catalina.startup.HostConfig.deployDirectory Déploiement du répertoire /Users/alexandreblerreau/Desktop/Cours/Programmation web/Movie_Remainde/tomcat8/webapps/tp4 de l'application web
10-Nov-2018 14:40:50.495 INFO [localhost-startStop-1] org.apache.jasper.servlet.TldScanner.scanJars At least one JAR was scanned for TLDs yet contained no TLDs. Enable debug logging for this logger for a complete list of JARs that were scanned but no TLDs were found in them. Skipping unneeded JARs during scanning can improve startup time and JSP compilation time.
10-Nov-2018 14:40:50.519 INFO [localhost-startStop-1] org.apache.catalina.startup.HostConfig.deployDirectory Deployment of web application directory /Users/alexandreblerreau/Desktop/Cours/Programmation web/Movie_Remainde/tomcat8/webapps/tp4 has finished in 348 ms
10-Nov-2018 14:40:50.519 INFO [localhost-startStop-1] org.apache.catalina.startup.HostConfig.deployDirectory Déploiement du répertoire /Users/alexandreblerreau/Desktop/Cours/Programmation web/Movie_Remainde/tomcat8/webapps/vide de l'application web
10-Nov-2018 14:40:50.641 INFO [localhost-startStop-1] org.apache.jasper.servlet.TldScanner.scanJars At least one JAR was scanned for TLDs yet contained no TLDs. Enable debug logging for this logger for a complete list of JARs that were scanned but no TLDs were found in them. Skipping unneeded JARs during scanning can improve startup time and JSP compilation time.
10-Nov-2018 14:40:50.643 INFO [localhost-startStop-1] org.apache.catalina.startup.HostConfig.deployDirectory Deployment of web application directory /Users/alexandreblerreau/Desktop/Cours/Programmation web/Movie_Remainde/tomcat8/webapps/vide has finished in 124 ms
10-Nov-2018 14:40:50.648 INFO [localhost-startStop-1] org.apache.catalina.startup.HostConfig.deployDirectory Déploiement du répertoire /Users/alexandreblerreau/Desktop/Cours/Programmation web/Movie_Remainde/tomcat8/webapps/manager de l'application web
10-Nov-2018 14:40:50.766 INFO [localhost-startStop-1] org.apache.jasper.servlet.TldScanner.scanJars At least one JAR was scanned for TLDs yet contained no TLDs. Enable debug logging for this logger for a complete list of JARs that were scanned but no TLDs were found in them. Skipping unneeded JARs during scanning can improve startup time and JSP compilation time.
10-Nov-2018 14:40:50.770 INFO [localhost-startStop-1] org.apache.catalina.startup.HostConfig.deployDirectory Deployment of web application directory /Users/alexandreblerreau/Desktop/Cours/Programmation web/Movie_Remainde/tomcat8/webapps/manager has finished in 127 ms
10-Nov-2018 14:40:50.770 INFO [localhost-startStop-1] org.apache.catalina.startup.HostConfig.deployDirectory Déploiement du répertoire /Users/alexandreblerreau/Desktop/Cours/Programmation web/Movie_Remainde/tomcat8/webapps/ROOT de l'application web
10-Nov-2018 14:40:50.884 INFO [localhost-startStop-1] org.apache.jasper.servlet.TldScanner.scanJars At least one JAR was scanned for TLDs yet contained no TLDs. Enable debug logging for this logger for a complete list of JARs that were scanned but no TLDs were found in them. Skipping unneeded JARs during scanning can improve startup time and JSP compilation time.
10-Nov-2018 14:40:50.885 INFO [localhost-startStop-1] org.apache.catalina.startup.HostConfig.deployDirectory Deployment of web application directory /Users/alexandreblerreau/Desktop/Cours/Programmation web/Movie_Remainde/tomcat8/webapps/ROOT has finished in 115 ms
10-Nov-2018 14:40:50.885 INFO [localhost-startStop-1] org.apache.catalina.startup.HostConfig.deployDirectory Déploiement du répertoire /Users/alexandreblerreau/Desktop/Cours/Programmation web/Movie_Remainde/tomcat8/webapps/host-manager de l'application web
10-Nov-2018 14:40:51.015 INFO [localhost-startStop-1] org.apache.jasper.servlet.TldScanner.scanJars At least one JAR was scanned for TLDs yet contained no TLDs. Enable debug logging for this logger for a complete list of JARs that were scanned but no TLDs were found in them. Skipping unneeded JARs during scanning can improve startup time and JSP compilation time.
10-Nov-2018 14:40:51.017 INFO [localhost-startStop-1] org.apache.catalina.startup.HostConfig.deployDirectory Deployment of web application directory /Users/alexandreblerreau/Desktop/Cours/Programmation web/Movie_Remainde/tomcat8/webapps/host-manager has finished in 132 ms
10-Nov-2018 14:40:51.019 INFO [main] org.apache.coyote.AbstractProtocol.start Starting ProtocolHandler ["http-nio-8080"]
10-Nov-2018 14:40:51.022 INFO [main] org.apache.coyote.AbstractProtocol.start Starting ProtocolHandler ["ajp-nio-8009"]
10-Nov-2018 14:40:51.023 INFO [main] org.apache.catalina.startup.Catalina.start Server startup in 873 ms
10-Nov-2018 14:43:20.923 INFO [main] org.apache.catalina.core.StandardServer.await A valid shutdown command was received via the shutdown port. Stopping the Server instance.
10-Nov-2018 14:43:20.923 INFO [main] org.apache.coyote.AbstractProtocol.pause Pausing ProtocolHandler ["http-nio-8080"]
10-Nov-2018 14:43:20.978 INFO [main] org.apache.coyote.AbstractProtocol.pause Pausing ProtocolHandler ["ajp-nio-8009"]
10-Nov-2018 14:43:21.030 INFO [main] org.apache.catalina.core.StandardService.stopInternal Arrêt du service Catalina
10-Nov-2018 14:43:21.051 INFO [main] org.apache.coyote.AbstractProtocol.stop Stopping ProtocolHandler ["http-nio-8080"]
10-Nov-2018 14:43:21.054 INFO [main] org.apache.coyote.AbstractProtocol.stop Stopping ProtocolHandler ["ajp-nio-8009"]
10-Nov-2018 14:43:21.054 INFO [main] org.apache.coyote.AbstractProtocol.destroy Destroying ProtocolHandler ["http-nio-8080"]
10-Nov-2018 14:43:21.055 INFO [main] org.apache.coyote.AbstractProtocol.destroy Destroying ProtocolHandler ["ajp-nio-8009"]
10-Nov-2018 14:43:22.232 INFO [main] org.apache.catalina.core.AprLifecycleListener.init The APR based Apache Tomcat Native library which allows optimal performance in production environments was not found on the java.library.path: /Users/alexandreblerreau/Library/Java/Extensions:/Library/Java/Extensions:/Network/Library/Java/Extensions:/System/Library/Java/Extensions:/usr/lib/java:.
10-Nov-2018 14:43:22.386 INFO [main] org.apache.coyote.AbstractProtocol.init Initializing ProtocolHandler ["http-nio-8080"]
10-Nov-2018 14:43:22.410 INFO [main] org.apache.tomcat.util.net.NioSelectorPool.getSharedSelector Using a shared selector for servlet write/read
10-Nov-2018 14:43:22.414 INFO [main] org.apache.coyote.AbstractProtocol.init Initializing ProtocolHandler ["ajp-nio-8009"]
10-Nov-2018 14:43:22.416 INFO [main] org.apache.tomcat.util.net.NioSelectorPool.getSharedSelector Using a shared selector for servlet write/read
10-Nov-2018 14:43:22.416 INFO [main] org.apache.catalina.startup.Catalina.load Initialization processed in 401 ms
10-Nov-2018 14:43:22.434 INFO [main] org.apache.catalina.core.StandardService.startInternal Démarrage du service Catalina
10-Nov-2018 14:43:22.435 INFO [main] org.apache.catalina.core.StandardEngine.startInternal Starting Servlet Engine: Apache Tomcat/8.0.12
10-Nov-2018 14:43:22.440 INFO [localhost-startStop-1] org.apache.catalina.startup.HostConfig.deployDirectory Déploiement du répertoire /Users/alexandreblerreau/Desktop/Cours/Programmation web/Movie_Remainde/tomcat8/webapps/tp4 de l'application web
10-Nov-2018 14:43:22.767 INFO [localhost-startStop-1] org.apache.jasper.servlet.TldScanner.scanJars At least one JAR was scanned for TLDs yet contained no TLDs. Enable debug logging for this logger for a complete list of JARs that were scanned but no TLDs were found in them. Skipping unneeded JARs during scanning can improve startup time and JSP compilation time.
10-Nov-2018 14:43:22.792 INFO [localhost-startStop-1] org.apache.catalina.startup.HostConfig.deployDirectory Deployment of web application directory /Users/alexandreblerreau/Desktop/Cours/Programmation web/Movie_Remainde/tomcat8/webapps/tp4 has finished in 351 ms
10-Nov-2018 14:43:22.793 INFO [localhost-startStop-1] org.apache.catalina.startup.HostConfig.deployDirectory Déploiement du répertoire /Users/alexandreblerreau/Desktop/Cours/Programmation web/Movie_Remainde/tomcat8/webapps/vide de l'application web
10-Nov-2018 14:43:22.940 INFO [localhost-startStop-1] org.apache.jasper.servlet.TldScanner.scanJars At least one JAR was scanned for TLDs yet contained no TLDs. Enable debug logging for this logger for a complete list of JARs that were scanned but no TLDs were found in them. Skipping unneeded JARs during scanning can improve startup time and JSP compilation time.
10-Nov-2018 14:43:22.941 INFO [localhost-startStop-1] org.apache.catalina.startup.HostConfig.deployDirectory Deployment of web application directory /Users/alexandreblerreau/Desktop/Cours/Programmation web/Movie_Remainde/tomcat8/webapps/vide has finished in 148 ms
10-Nov-2018 14:43:22.941 INFO [localhost-startStop-1] org.apache.catalina.startup.HostConfig.deployDirectory Déploiement du répertoire /Users/alexandreblerreau/Desktop/Cours/Programmation web/Movie_Remainde/tomcat8/webapps/manager de l'application web
10-Nov-2018 14:43:23.075 INFO [localhost-startStop-1] org.apache.jasper.servlet.TldScanner.scanJars At least one JAR was scanned for TLDs yet contained no TLDs. Enable debug logging for this logger for a complete list of JARs that were scanned but no TLDs were found in them. Skipping unneeded JARs during scanning can improve startup time and JSP compilation time.
10-Nov-2018 14:43:23.080 INFO [localhost-startStop-1] org.apache.catalina.startup.HostConfig.deployDirectory Deployment of web application directory /Users/alexandreblerreau/Desktop/Cours/Programmation web/Movie_Remainde/tomcat8/webapps/manager has finished in 139 ms
10-Nov-2018 14:43:23.081 INFO [localhost-startStop-1] org.apache.catalina.startup.HostConfig.deployDirectory Déploiement du répertoire /Users/alexandreblerreau/Desktop/Cours/Programmation web/Movie_Remainde/tomcat8/webapps/ROOT de l'application web
10-Nov-2018 14:43:23.196 INFO [localhost-startStop-1] org.apache.jasper.servlet.TldScanner.scanJars At least one JAR was scanned for TLDs yet contained no TLDs. Enable debug logging for this logger for a complete list of JARs that were scanned but no TLDs were found in them. Skipping unneeded JARs during scanning can improve startup time and JSP compilation time.
10-Nov-2018 14:43:23.197 INFO [localhost-startStop-1] org.apache.catalina.startup.HostConfig.deployDirectory Deployment of web application directory /Users/alexandreblerreau/Desktop/Cours/Programmation web/Movie_Remainde/tomcat8/webapps/ROOT has finished in 116 ms
10-Nov-2018 14:43:23.197 INFO [localhost-startStop-1] org.apache.catalina.startup.HostConfig.deployDirectory Déploiement du répertoire /Users/alexandreblerreau/Desktop/Cours/Programmation web/Movie_Remainde/tomcat8/webapps/host-manager de l'application web
10-Nov-2018 14:43:23.301 INFO [localhost-startStop-1] org.apache.jasper.servlet.TldScanner.scanJars At least one JAR was scanned for TLDs yet contained no TLDs. Enable debug logging for this logger for a complete list of JARs that were scanned but no TLDs were found in them. Skipping unneeded JARs during scanning can improve startup time and JSP compilation time.
10-Nov-2018 14:43:23.302 INFO [localhost-startStop-1] org.apache.catalina.startup.HostConfig.deployDirectory Deployment of web application directory /Users/alexandreblerreau/Desktop/Cours/Programmation web/Movie_Remainde/tomcat8/webapps/host-manager has finished in 105 ms
10-Nov-2018 14:43:23.304 INFO [main] org.apache.coyote.AbstractProtocol.start Starting ProtocolHandler ["http-nio-8080"]
10-Nov-2018 14:43:23.308 INFO [main] org.apache.coyote.AbstractProtocol.start Starting ProtocolHandler ["ajp-nio-8009"]
10-Nov-2018 14:43:23.309 INFO [main] org.apache.catalina.startup.Catalina.start Server startup in 892 ms
10-Nov-2018 14:44:12.789 INFO [main] org.apache.catalina.core.StandardServer.await A valid shutdown command was received via the shutdown port. Stopping the Server instance.
10-Nov-2018 14:44:12.790 INFO [main] org.apache.coyote.AbstractProtocol.pause Pausing ProtocolHandler ["http-nio-8080"]
10-Nov-2018 14:44:12.844 INFO [main] org.apache.coyote.AbstractProtocol.pause Pausing ProtocolHandler ["ajp-nio-8009"]
10-Nov-2018 14:44:12.897 INFO [main] org.apache.catalina.core.StandardService.stopInternal Arrêt du service Catalina
10-Nov-2018 14:44:12.922 INFO [main] org.apache.coyote.AbstractProtocol.stop Stopping ProtocolHandler ["http-nio-8080"]
10-Nov-2018 14:44:12.924 INFO [main] org.apache.coyote.AbstractProtocol.stop Stopping ProtocolHandler ["ajp-nio-8009"]
10-Nov-2018 14:44:12.925 INFO [main] org.apache.coyote.AbstractProtocol.destroy Destroying ProtocolHandler ["http-nio-8080"]
10-Nov-2018 14:44:12.925 INFO [main] org.apache.coyote.AbstractProtocol.destroy Destroying ProtocolHandler ["ajp-nio-8009"]
10-Nov-2018 14:44:14.109 INFO [main] org.apache.catalina.core.AprLifecycleListener.init The APR based Apache Tomcat Native library which allows optimal performance in production environments was not found on the java.library.path: /Users/alexandreblerreau/Library/Java/Extensions:/Library/Java/Extensions:/Network/Library/Java/Extensions:/System/Library/Java/Extensions:/usr/lib/java:.
10-Nov-2018 14:44:14.262 INFO [main] org.apache.coyote.AbstractProtocol.init Initializing ProtocolHandler ["http-nio-8080"]
10-Nov-2018 14:44:14.286 INFO [main] org.apache.tomcat.util.net.NioSelectorPool.getSharedSelector Using a shared selector for servlet write/read
10-Nov-2018 14:44:14.290 INFO [main] org.apache.coyote.AbstractProtocol.init Initializing ProtocolHandler ["ajp-nio-8009"]
10-Nov-2018 14:44:14.292 INFO [main] org.apache.tomcat.util.net.NioSelectorPool.getSharedSelector Using a shared selector for servlet write/read
10-Nov-2018 14:44:14.292 INFO [main] org.apache.catalina.startup.Catalina.load Initialization processed in 399 ms
10-Nov-2018 14:44:14.307 INFO [main] org.apache.catalina.core.StandardService.startInternal Démarrage du service Catalina
10-Nov-2018 14:44:14.307 INFO [main] org.apache.catalina.core.StandardEngine.startInternal Starting Servlet Engine: Apache Tomcat/8.0.12
10-Nov-2018 14:44:14.313 INFO [localhost-startStop-1] org.apache.catalina.startup.HostConfig.deployDirectory Déploiement du répertoire /Users/alexandreblerreau/Desktop/Cours/Programmation web/Movie_Remainde/tomcat8/webapps/tp4 de l'application web
10-Nov-2018 14:44:14.638 INFO [localhost-startStop-1] org.apache.jasper.servlet.TldScanner.scanJars At least one JAR was scanned for TLDs yet contained no TLDs. Enable debug logging for this logger for a complete list of JARs that were scanned but no TLDs were found in them. Skipping unneeded JARs during scanning can improve startup time and JSP compilation time.
10-Nov-2018 14:44:14.663 INFO [localhost-startStop-1] org.apache.catalina.startup.HostConfig.deployDirectory Deployment of web application directory /Users/alexandreblerreau/Desktop/Cours/Programmation web/Movie_Remainde/tomcat8/webapps/tp4 has finished in 349 ms
10-Nov-2018 14:44:14.663 INFO [localhost-startStop-1] org.apache.catalina.startup.HostConfig.deployDirectory Déploiement du répertoire /Users/alexandreblerreau/Desktop/Cours/Programmation web/Movie_Remainde/tomcat8/webapps/vide de l'application web
10-Nov-2018 14:44:14.785 INFO [localhost-startStop-1] org.apache.jasper.servlet.TldScanner.scanJars At least one JAR was scanned for TLDs yet contained no TLDs. Enable debug logging for this logger for a complete list of JARs that were scanned but no TLDs were found in them. Skipping unneeded JARs during scanning can improve startup time and JSP compilation time.
10-Nov-2018 14:44:14.787 INFO [localhost-startStop-1] org.apache.catalina.startup.HostConfig.deployDirectory Deployment of web application directory /Users/alexandreblerreau/Desktop/Cours/Programmation web/Movie_Remainde/tomcat8/webapps/vide has finished in 124 ms
10-Nov-2018 14:44:14.787 INFO [localhost-startStop-1] org.apache.catalina.startup.HostConfig.deployDirectory Déploiement du répertoire /Users/alexandreblerreau/Desktop/Cours/Programmation web/Movie_Remainde/tomcat8/webapps/manager de l'application web
10-Nov-2018 14:44:14.921 INFO [localhost-startStop-1] org.apache.jasper.servlet.TldScanner.scanJars At least one JAR was scanned for TLDs yet contained no TLDs. Enable debug logging for this logger for a complete list of JARs that were scanned but no TLDs were found in them. Skipping unneeded JARs during scanning can improve startup time and JSP compilation time.
10-Nov-2018 14:44:14.925 INFO [localhost-startStop-1] org.apache.catalina.startup.HostConfig.deployDirectory Deployment of web application directory /Users/alexandreblerreau/Desktop/Cours/Programmation web/Movie_Remainde/tomcat8/webapps/manager has finished in 138 ms
10-Nov-2018 14:44:14.925 INFO [localhost-startStop-1] org.apache.catalina.startup.HostConfig.deployDirectory Déploiement du répertoire /Users/alexandreblerreau/Desktop/Cours/Programmation web/Movie_Remainde/tomcat8/webapps/ROOT de l'application web
10-Nov-2018 14:44:15.068 INFO [localhost-startStop-1] org.apache.jasper.servlet.TldScanner.scanJars At least one JAR was scanned for TLDs yet contained no TLDs. Enable debug logging for this logger for a complete list of JARs that were scanned but no TLDs were found in them. Skipping unneeded JARs during scanning can improve startup time and JSP compilation time.
10-Nov-2018 14:44:15.069 INFO [localhost-startStop-1] org.apache.catalina.startup.HostConfig.deployDirectory Deployment of web application directory /Users/alexandreblerreau/Desktop/Cours/Programmation web/Movie_Remainde/tomcat8/webapps/ROOT has finished in 144 ms
10-Nov-2018 14:44:15.069 INFO [localhost-startStop-1] org.apache.catalina.startup.HostConfig.deployDirectory Déploiement du répertoire /Users/alexandreblerreau/Desktop/Cours/Programmation web/Movie_Remainde/tomcat8/webapps/host-manager de l'application web
10-Nov-2018 14:44:15.185 INFO [localhost-startStop-1] org.apache.jasper.servlet.TldScanner.scanJars At least one JAR was scanned for TLDs yet contained no TLDs. Enable debug logging for this logger for a complete list of JARs that were scanned but no TLDs were found in them. Skipping unneeded JARs during scanning can improve startup time and JSP compilation time.
10-Nov-2018 14:44:15.186 INFO [localhost-startStop-1] org.apache.catalina.startup.HostConfig.deployDirectory Deployment of web application directory /Users/alexandreblerreau/Desktop/Cours/Programmation web/Movie_Remainde/tomcat8/webapps/host-manager has finished in 117 ms
10-Nov-2018 14:44:15.188 INFO [main] org.apache.coyote.AbstractProtocol.start Starting ProtocolHandler ["http-nio-8080"]
10-Nov-2018 14:44:15.192 INFO [main] org.apache.coyote.AbstractProtocol.start Starting ProtocolHandler ["ajp-nio-8009"]
10-Nov-2018 14:44:15.192 INFO [main] org.apache.catalina.startup.Catalina.start Server startup in 899 ms
10-Nov-2018 14:45:05.219 INFO [ContainerBackgroundProcessor[StandardEngine[Catalina]]] org.apache.catalina.core.StandardContext.reload Le rechargement du contexte [/vide] a démarré
10-Nov-2018 14:45:05.334 INFO [ContainerBackgroundProcessor[StandardEngine[Catalina]]] org.apache.jasper.servlet.TldScanner.scanJars At least one JAR was scanned for TLDs yet contained no TLDs. Enable debug logging for this logger for a complete list of JARs that were scanned but no TLDs were found in them. Skipping unneeded JARs during scanning can improve startup time and JSP compilation time.
10-Nov-2018 14:45:05.335 INFO [ContainerBackgroundProcessor[StandardEngine[Catalina]]] org.apache.catalina.core.StandardContext.reload Le rechargement de ce contexte est terminé
10-Nov-2018 14:45:05.632 INFO [main] org.apache.catalina.core.StandardServer.await A valid shutdown command was received via the shutdown port. Stopping the Server instance.
10-Nov-2018 14:45:05.632 INFO [main] org.apache.coyote.AbstractProtocol.pause Pausing ProtocolHandler ["http-nio-8080"]
10-Nov-2018 14:45:05.690 INFO [main] org.apache.coyote.AbstractProtocol.pause Pausing ProtocolHandler ["ajp-nio-8009"]
10-Nov-2018 14:45:05.746 INFO [main] org.apache.catalina.core.StandardService.stopInternal Arrêt du service Catalina
10-Nov-2018 14:45:05.762 INFO [main] org.apache.coyote.AbstractProtocol.stop Stopping ProtocolHandler ["http-nio-8080"]
10-Nov-2018 14:45:05.764 INFO [main] org.apache.coyote.AbstractProtocol.stop Stopping ProtocolHandler ["ajp-nio-8009"]
10-Nov-2018 14:45:05.765 INFO [main] org.apache.coyote.AbstractProtocol.destroy Destroying ProtocolHandler ["http-nio-8080"]
10-Nov-2018 14:45:05.765 INFO [main] org.apache.coyote.AbstractProtocol.destroy Destroying ProtocolHandler ["ajp-nio-8009"]
10-Nov-2018 14:45:06.831 INFO [main] org.apache.catalina.core.AprLifecycleListener.init The APR based Apache Tomcat Native library which allows optimal performance in production environments was not found on the java.library.path: /Users/alexandreblerreau/Library/Java/Extensions:/Library/Java/Extensions:/Network/Library/Java/Extensions:/System/Library/Java/Extensions:/usr/lib/java:.
10-Nov-2018 14:45:06.984 INFO [main] org.apache.coyote.AbstractProtocol.init Initializing ProtocolHandler ["http-nio-8080"]
10-Nov-2018 14:45:07.007 INFO [main] org.apache.tomcat.util.net.NioSelectorPool.getSharedSelector Using a shared selector for servlet write/read
10-Nov-2018 14:45:07.012 INFO [main] org.apache.coyote.AbstractProtocol.init Initializing ProtocolHandler ["ajp-nio-8009"]
10-Nov-2018 14:45:07.013 INFO [main] org.apache.tomcat.util.net.NioSelectorPool.getSharedSelector Using a shared selector for servlet write/read
10-Nov-2018 14:45:07.014 INFO [main] org.apache.catalina.startup.Catalina.load Initialization processed in 401 ms
10-Nov-2018 14:45:07.033 INFO [main] org.apache.catalina.core.StandardService.startInternal Démarrage du service Catalina
10-Nov-2018 14:45:07.033 INFO [main] org.apache.catalina.core.StandardEngine.startInternal Starting Servlet Engine: Apache Tomcat/8.0.12
10-Nov-2018 14:45:07.038 INFO [localhost-startStop-1] org.apache.catalina.startup.HostConfig.deployDirectory Déploiement du répertoire /Users/alexandreblerreau/Desktop/Cours/Programmation web/Movie_Remainde/tomcat8/webapps/tp4 de l'application web
10-Nov-2018 14:45:07.358 INFO [localhost-startStop-1] org.apache.jasper.servlet.TldScanner.scanJars At least one JAR was scanned for TLDs yet contained no TLDs. Enable debug logging for this logger for a complete list of JARs that were scanned but no TLDs were found in them. Skipping unneeded JARs during scanning can improve startup time and JSP compilation time.
10-Nov-2018 14:45:07.381 INFO [localhost-startStop-1] org.apache.catalina.startup.HostConfig.deployDirectory Deployment of web application directory /Users/alexandreblerreau/Desktop/Cours/Programmation web/Movie_Remainde/tomcat8/webapps/tp4 has finished in 342 ms
10-Nov-2018 14:45:07.381 INFO [localhost-startStop-1] org.apache.catalina.startup.HostConfig.deployDirectory Déploiement du répertoire /Users/alexandreblerreau/Desktop/Cours/Programmation web/Movie_Remainde/tomcat8/webapps/vide de l'application web
10-Nov-2018 14:45:07.496 INFO [localhost-startStop-1] org.apache.jasper.servlet.TldScanner.scanJars At least one JAR was scanned for TLDs yet contained no TLDs. Enable debug logging for this logger for a complete list of JARs that were scanned but no TLDs were found in them. Skipping unneeded JARs during scanning can improve startup time and JSP compilation time.
10-Nov-2018 14:45:07.498 INFO [localhost-startStop-1] org.apache.catalina.startup.HostConfig.deployDirectory Deployment of web application directory /Users/alexandreblerreau/Desktop/Cours/Programmation web/Movie_Remainde/tomcat8/webapps/vide has finished in 117 ms
10-Nov-2018 14:45:07.499 INFO [localhost-startStop-1] org.apache.catalina.startup.HostConfig.deployDirectory Déploiement du répertoire /Users/alexandreblerreau/Desktop/Cours/Programmation web/Movie_Remainde/tomcat8/webapps/manager de l'application web
10-Nov-2018 14:45:07.622 INFO [localhost-startStop-1] org.apache.jasper.servlet.TldScanner.scanJars At least one JAR was scanned for TLDs yet contained no TLDs. Enable debug logging for this logger for a complete list of JARs that were scanned but no TLDs were found in them. Skipping unneeded JARs during scanning can improve startup time and JSP compilation time.
10-Nov-2018 14:45:07.626 INFO [localhost-startStop-1] org.apache.catalina.startup.HostConfig.deployDirectory Deployment of web application directory /Users/alexandreblerreau/Desktop/Cours/Programmation web/Movie_Remainde/tomcat8/webapps/manager has finished in 127 ms
10-Nov-2018 14:45:07.626 INFO [localhost-startStop-1] org.apache.catalina.startup.HostConfig.deployDirectory Déploiement du répertoire /Users/alexandreblerreau/Desktop/Cours/Programmation web/Movie_Remainde/tomcat8/webapps/ROOT de l'application web
10-Nov-2018 14:45:07.740 INFO [localhost-startStop-1] org.apache.jasper.servlet.TldScanner.scanJars At least one JAR was scanned for TLDs yet contained no TLDs. Enable debug logging for this logger for a complete list of JARs that were scanned but no TLDs were found in them. Skipping unneeded JARs during scanning can improve startup time and JSP compilation time.
10-Nov-2018 14:45:07.742 INFO [localhost-startStop-1] org.apache.catalina.startup.HostConfig.deployDirectory Deployment of web application directory /Users/alexandreblerreau/Desktop/Cours/Programmation web/Movie_Remainde/tomcat8/webapps/ROOT has finished in 116 ms
10-Nov-2018 14:45:07.742 INFO [localhost-startStop-1] org.apache.catalina.startup.HostConfig.deployDirectory Déploiement du répertoire /Users/alexandreblerreau/Desktop/Cours/Programmation web/Movie_Remainde/tomcat8/webapps/host-manager de l'application web
10-Nov-2018 14:45:07.848 INFO [localhost-startStop-1] org.apache.jasper.servlet.TldScanner.scanJars At least one JAR was scanned for TLDs yet contained no TLDs. Enable debug logging for this logger for a complete list of JARs that were scanned but no TLDs were found in them. Skipping unneeded JARs during scanning can improve startup time and JSP compilation time.
10-Nov-2018 14:45:07.850 INFO [localhost-startStop-1] org.apache.catalina.startup.HostConfig.deployDirectory Deployment of web application directory /Users/alexandreblerreau/Desktop/Cours/Programmation web/Movie_Remainde/tomcat8/webapps/host-manager has finished in 107 ms
10-Nov-2018 14:45:07.851 INFO [main] org.apache.coyote.AbstractProtocol.start Starting ProtocolHandler ["http-nio-8080"]
10-Nov-2018 14:45:07.855 INFO [main] org.apache.coyote.AbstractProtocol.start Starting ProtocolHandler ["ajp-nio-8009"]
10-Nov-2018 14:45:07.855 INFO [main] org.apache.catalina.startup.Catalina.start Server startup in 841 ms
10-Nov-2018 14:45:45.876 INFO [main] org.apache.catalina.core.StandardServer.await A valid shutdown command was received via the shutdown port. Stopping the Server instance.
10-Nov-2018 14:45:45.876 INFO [main] org.apache.coyote.AbstractProtocol.pause Pausing ProtocolHandler ["http-nio-8080"]
10-Nov-2018 14:45:45.935 INFO [main] org.apache.coyote.AbstractProtocol.pause Pausing ProtocolHandler ["ajp-nio-8009"]
10-Nov-2018 14:45:45.991 INFO [main] org.apache.catalina.core.StandardService.stopInternal Arrêt du service Catalina
10-Nov-2018 14:45:46.011 INFO [main] org.apache.coyote.AbstractProtocol.stop Stopping ProtocolHandler ["http-nio-8080"]
10-Nov-2018 14:45:46.039 INFO [main] org.apache.coyote.AbstractProtocol.stop Stopping ProtocolHandler ["ajp-nio-8009"]
10-Nov-2018 14:45:46.144 INFO [main] org.apache.coyote.AbstractProtocol.destroy Destroying ProtocolHandler ["http-nio-8080"]
10-Nov-2018 14:45:46.145 INFO [main] org.apache.coyote.AbstractProtocol.destroy Destroying ProtocolHandler ["ajp-nio-8009"]
10-Nov-2018 14:45:47.206 INFO [main] org.apache.catalina.core.AprLifecycleListener.init The APR based Apache Tomcat Native library which allows optimal performance in production environments was not found on the java.library.path: /Users/alexandreblerreau/Library/Java/Extensions:/Library/Java/Extensions:/Network/Library/Java/Extensions:/System/Library/Java/Extensions:/usr/lib/java:.
10-Nov-2018 14:45:47.355 INFO [main] org.apache.coyote.AbstractProtocol.init Initializing ProtocolHandler ["http-nio-8080"]
10-Nov-2018 14:45:47.378 INFO [main] org.apache.tomcat.util.net.NioSelectorPool.getSharedSelector Using a shared selector for servlet write/read
10-Nov-2018 14:45:47.382 INFO [main] org.apache.coyote.AbstractProtocol.init Initializing ProtocolHandler ["ajp-nio-8009"]
10-Nov-2018 14:45:47.384 INFO [main] org.apache.tomcat.util.net.NioSelectorPool.getSharedSelector Using a shared selector for servlet write/read
10-Nov-2018 14:45:47.384 INFO [main] org.apache.catalina.startup.Catalina.load Initialization processed in 396 ms
10-Nov-2018 14:45:47.405 INFO [main] org.apache.catalina.core.StandardService.startInternal Démarrage du service Catalina
10-Nov-2018 14:45:47.406 INFO [main] org.apache.catalina.core.StandardEngine.startInternal Starting Servlet Engine: Apache Tomcat/8.0.12
10-Nov-2018 14:45:47.411 INFO [localhost-startStop-1] org.apache.catalina.startup.HostConfig.deployDirectory Déploiement du répertoire /Users/alexandreblerreau/Desktop/Cours/Programmation web/Movie_Remainde/tomcat8/webapps/tp4 de l'application web
10-Nov-2018 14:45:47.741 INFO [localhost-startStop-1] org.apache.jasper.servlet.TldScanner.scanJars At least one JAR was scanned for TLDs yet contained no TLDs. Enable debug logging for this logger for a complete list of JARs that were scanned but no TLDs were found in them. Skipping unneeded JARs during scanning can improve startup time and JSP compilation time.
10-Nov-2018 14:45:47.765 INFO [localhost-startStop-1] org.apache.catalina.startup.HostConfig.deployDirectory Deployment of web application directory /Users/alexandreblerreau/Desktop/Cours/Programmation web/Movie_Remainde/tomcat8/webapps/tp4 has finished in 353 ms
10-Nov-2018 14:45:47.766 INFO [localhost-startStop-1] org.apache.catalina.startup.HostConfig.deployDirectory Déploiement du répertoire /Users/alexandreblerreau/Desktop/Cours/Programmation web/Movie_Remainde/tomcat8/webapps/vide de l'application web
10-Nov-2018 14:45:47.895 INFO [localhost-startStop-1] org.apache.jasper.servlet.TldScanner.scanJars At least one JAR was scanned for TLDs yet contained no TLDs. Enable debug logging for this logger for a complete list of JARs that were scanned but no TLDs were found in them. Skipping unneeded JARs during scanning can improve startup time and JSP compilation time.
10-Nov-2018 14:45:47.897 INFO [localhost-startStop-1] org.apache.catalina.startup.HostConfig.deployDirectory Deployment of web application directory /Users/alexandreblerreau/Desktop/Cours/Programmation web/Movie_Remainde/tomcat8/webapps/vide has finished in 131 ms
10-Nov-2018 14:45:47.903 INFO [localhost-startStop-1] org.apache.catalina.startup.HostConfig.deployDirectory Déploiement du répertoire /Users/alexandreblerreau/Desktop/Cours/Programmation web/Movie_Remainde/tomcat8/webapps/manager de l'application web
10-Nov-2018 14:45:48.041 INFO [localhost-startStop-1] org.apache.jasper.servlet.TldScanner.scanJars At least one JAR was scanned for TLDs yet contained no TLDs. Enable debug logging for this logger for a complete list of JARs that were scanned but no TLDs were found in them. Skipping unneeded JARs during scanning can improve startup time and JSP compilation time.
10-Nov-2018 14:45:48.045 INFO [localhost-startStop-1] org.apache.catalina.startup.HostConfig.deployDirectory Deployment of web application directory /Users/alexandreblerreau/Desktop/Cours/Programmation web/Movie_Remainde/tomcat8/webapps/manager has finished in 148 ms
10-Nov-2018 14:45:48.045 INFO [localhost-startStop-1] org.apache.catalina.startup.HostConfig.deployDirectory Déploiement du répertoire /Users/alexandreblerreau/Desktop/Cours/Programmation web/Movie_Remainde/tomcat8/webapps/ROOT de l'application web
10-Nov-2018 14:45:48.163 INFO [localhost-startStop-1] org.apache.jasper.servlet.TldScanner.scanJars At least one JAR was scanned for TLDs yet contained no TLDs. Enable debug logging for this logger for a complete list of JARs that were scanned but no TLDs were found in them. Skipping unneeded JARs during scanning can improve startup time and JSP compilation time.
10-Nov-2018 14:45:48.164 INFO [localhost-startStop-1] org.apache.catalina.startup.HostConfig.deployDirectory Deployment of web application directory /Users/alexandreblerreau/Desktop/Cours/Programmation web/Movie_Remainde/tomcat8/webapps/ROOT has finished in 119 ms
10-Nov-2018 14:45:48.164 INFO [localhost-startStop-1] org.apache.catalina.startup.HostConfig.deployDirectory Déploiement du répertoire /Users/alexandreblerreau/Desktop/Cours/Programmation web/Movie_Remainde/tomcat8/webapps/host-manager de l'application web
10-Nov-2018 14:45:48.276 INFO [localhost-startStop-1] org.apache.jasper.servlet.TldScanner.scanJars At least one JAR was scanned for TLDs yet contained no TLDs. Enable debug logging for this logger for a complete list of JARs that were scanned but no TLDs were found in them. Skipping unneeded JARs during scanning can improve startup time and JSP compilation time.
10-Nov-2018 14:45:48.277 INFO [localhost-startStop-1] org.apache.catalina.startup.HostConfig.deployDirectory Deployment of web application directory /Users/alexandreblerreau/Desktop/Cours/Programmation web/Movie_Remainde/tomcat8/webapps/host-manager has finished in 113 ms
10-Nov-2018 14:45:48.279 INFO [main] org.apache.coyote.AbstractProtocol.start Starting ProtocolHandler ["http-nio-8080"]
10-Nov-2018 14:45:48.283 INFO [main] org.apache.coyote.AbstractProtocol.start Starting ProtocolHandler ["ajp-nio-8009"]
10-Nov-2018 14:45:48.283 INFO [main] org.apache.catalina.startup.Catalina.start Server startup in 899 ms
